Szivargas:
	0072A580   28 byte new @ main.cpp:19
	0072BA40   56 byte new @ Database.cpp:14
	0072BB60   60 byte new @ linked_list.h:29
	0072BC88   56 byte new @ Database.cpp:14
	0072BDA8   60 byte new @ linked_list.h:29
	0072C370   56 byte new @ Database.cpp:14
	0072C430   60 byte new @ linked_list.h:29
	0072C4F8   56 byte new @ Database.cpp:14
	0072C5F0   60 byte new @ linked_list.h:29
	0072C6F0   56 byte new @ Database.cpp:14
	0072C7E8   60 byte new @ linked_list.h:29
	0072C8E8   56 byte new @ Database.cpp:14
	0072C9E0   60 byte new @ linked_list.h:29
	0072CAE0   56 byte new @ Database.cpp:14
	0072CBD8   60 byte new @ linked_list.h:29
	0072CCD8   56 byte new @ Database.cpp:14
	0072CDD0   60 byte new @ linked_list.h:29
	0072CED0   56 byte new @ Database.cpp:14
	0072D398   60 byte new @ linked_list.h:29
	0072D460   56 byte new @ Database.cpp:14
	0072D520   60 byte new @ linked_list.h:29
	0072D9F0   52 byte new @ Database.cpp:28
	0072DAB0   56 byte new @ linked_list.h:29
	0072DB70   56 byte new @ linked_list.h:29
	0072DC30   56 byte new @ linked_list.h:29
	0072DCF0   56 byte new @ linked_list.h:29
	0072DDB0   56 byte new @ linked_list.h:29
	0072ECD8   56 byte new @ linked_list.h:29
	0072EC18   56 byte new @ linked_list.h:29
	0072E0D8   56 byte new @ linked_list.h:29
	0072EA98   56 byte new @ linked_list.h:29
	0072E018   56 byte new @ linked_list.h:29
	0072DE98   56 byte new @ linked_list.h:29
	0072DF58   56 byte new @ linked_list.h:29
	0072E918   56 byte new @ linked_list.h:29
	0072ED98   56 byte new @ linked_list.h:29
	0072E9D8   56 byte new @ linked_list.h:29
	0072E198   56 byte new @ linked_list.h:29
	0072E258   56 byte new @ linked_list.h:29
	0072E318   56 byte new @ linked_list.h:29
	0072EB58   56 byte new @ linked_list.h:29
	0072E498   56 byte new @ linked_list.h:29
	0072E3D8   56 byte new @ linked_list.h:29
	0072E558   56 byte new @ linked_list.h:29
	0072E858   56 byte new @ linked_list.h:29
	0072E618   56 byte new @ linked_list.h:29
	0072E6D8   56 byte new @ linked_list.h:29
	0072E798   56 byte new @ linked_list.h:29
	00782888   56 byte new @ linked_list.h:29
	00782948   56 byte new @ linked_list.h:29
	00782E88   56 byte new @ linked_list.h:29
	00782D08   56 byte new @ linked_list.h:29
	00782F48   56 byte new @ linked_list.h:29
	00782A08   56 byte new @ linked_list.h:29
	00782B88   56 byte new @ linked_list.h:29
	00782AC8   56 byte new @ linked_list.h:29
	00782C48   56 byte new @ linked_list.h:29
	00782DC8   56 byte new @ linked_list.h:29
	007821C8   56 byte new @ linked_list.h:29
	00781208   56 byte new @ linked_list.h:29
	007827C8   56 byte new @ linked_list.h:29
	00783060   31 byte new @ ?:0
	00782648   56 byte new @ linked_list.h:29
	0072EF20   31 byte new @ ?:0
	00781748   56 byte new @ linked_list.h:29
	00781E08   56 byte new @ linked_list.h:29
	00781448   56 byte new @ linked_list.h:29
	007812C8   56 byte new @ linked_list.h:29
	00781EC8   56 byte new @ linked_list.h:29
	00782708   56 byte new @ linked_list.h:29
	00783108   31 byte new @ ?:0
	00782588   56 byte new @ linked_list.h:29
	007831B0   44 byte new @ Database.cpp:49
	00781F88   56 byte new @ Database.cpp:50
	00783A70   16 byte new @ Database.cpp:51
	0072A660   16 byte new @ Database.cpp:65
	00781BC8   52 byte new @ Database.cpp:66
	00783B08   24 byte new @ linked_list.h:29
	00783BA8   16 byte new @ Database.cpp:65
	00782048   52 byte new @ Database.cpp:66
	00784540   24 byte new @ linked_list.h:29
	00784A28   48 byte new @ linked_list.h:29
	00784AE0   44 byte new @ Database.cpp:49
	00781088   56 byte new @ Database.cpp:50
	00784B98   16 byte new @ Database.cpp:51
	00783C40   16 byte new @ Database.cpp:65
	00782108   52 byte new @ Database.cpp:66
	00784C30   24 byte new @ linked_list.h:29
	00784CD0   16 byte new @ Database.cpp:65
	00781148   52 byte new @ Database.cpp:66
	00784E48   24 byte new @ linked_list.h:29
	00784EE8   48 byte new @ linked_list.h:29
	00784FA0   44 byte new @ Database.cpp:49
	00781388   56 byte new @ Database.cpp:50
	00785058   16 byte new @ Database.cpp:51
	00784D68   16 byte new @ Database.cpp:65
	00782288   52 byte new @ Database.cpp:66
	007850F0   24 byte new @ linked_list.h:29
	00785190   16 byte new @ Database.cpp:65
	00782348   52 byte new @ Database.cpp:66
	00785308   24 byte new @ linked_list.h:29
	007853A8   16 byte new @ Database.cpp:65
	00781808   52 byte new @ Database.cpp:66
	00785228   24 byte new @ linked_list.h:29
	00785440   16 byte new @ Database.cpp:65
	00781C88   52 byte new @ Database.cpp:66
	007854D8   24 byte new @ linked_list.h:29
	00785578   16 byte new @ Database.cpp:65
	00781508   52 byte new @ Database.cpp:66
	007856F0   24 byte new @ linked_list.h:29
	00786010   48 byte new @ linked_list.h:29
	007860C8   44 byte new @ Database.cpp:49
	00781988   56 byte new @ Database.cpp:50
	00786180   16 byte new @ Database.cpp:51
	00785610   16 byte new @ Database.cpp:65
	00782408   52 byte new @ Database.cpp:66
	00786218   24 byte new @ linked_list.h:29
	007862B8   16 byte new @ Database.cpp:65
	007818C8   52 byte new @ Database.cpp:66
	00786430   24 byte new @ linked_list.h:29
	007864D0   48 byte new @ linked_list.h:29
	00786588   44 byte new @ Database.cpp:49
	007815C8   56 byte new @ Database.cpp:50
	00786640   16 byte new @ Database.cpp:51
	00786350   16 byte new @ Database.cpp:65
	00781D48   52 byte new @ Database.cpp:66
	007866D8   24 byte new @ linked_list.h:29
	00786778   16 byte new @ Database.cpp:65
	00781688   52 byte new @ Database.cpp:66
	00787110   24 byte new @ linked_list.h:29
	007871B0   48 byte new @ linked_list.h:29
	00787268   44 byte new @ Database.cpp:49
	007824C8   56 byte new @ Database.cpp:50
	00787320   16 byte new @ Database.cpp:51
	00786810   16 byte new @ Database.cpp:65
	00781A48   52 byte new @ Database.cpp:66
	007873B8   24 byte new @ linked_list.h:29
	00787458   16 byte new @ Database.cpp:65
	00781B08   52 byte new @ Database.cpp:66
	007875D0   24 byte new @ linked_list.h:29
	00787670   48 byte new @ linked_list.h:29
	00787BC8   44 byte new @ Database.cpp:49
	00788AF0   56 byte new @ Database.cpp:50
	00787728   16 byte new @ Database.cpp:51
	007874F0   16 byte new @ Database.cpp:65
	00788BB0   52 byte new @ Database.cpp:66
	0078A490   24 byte new @ linked_list.h:29
	0078A530   16 byte new @ Database.cpp:65
	007891B0   52 byte new @ Database.cpp:66
	0078A6A8   24 byte new @ linked_list.h:29
	0078A748   48 byte new @ linked_list.h:29
	0078A800   44 byte new @ Database.cpp:49
	00787E30   56 byte new @ Database.cpp:50
	0078A8B8   16 byte new @ Database.cpp:51
	0078A5C8   16 byte new @ Database.cpp:65
	007887F0   52 byte new @ Database.cpp:66
	0078B868   24 byte new @ linked_list.h:29
	0078A950   16 byte new @ Database.cpp:65
	007893F0   52 byte new @ Database.cpp:66
	0078B728   24 byte new @ linked_list.h:29
	0078A9E8   16 byte new @ Database.cpp:65
	00787EF0   52 byte new @ Database.cpp:66
	0078B688   24 byte new @ linked_list.h:29
	0078BC68   48 byte new @ linked_list.h:29
	0078AA80   44 byte new @ Database.cpp:49
	007885B0   56 byte new @ Database.cpp:50
	0078AB38   16 byte new @ Database.cpp:51
	0078CD50   16 byte new @ Database.cpp:65
	00788A30   52 byte new @ Database.cpp:66
	0078B188   24 byte new @ linked_list.h:29
	0078DED0   16 byte new @ Database.cpp:65
	00788EB0   52 byte new @ Database.cpp:66
	0078AE68   24 byte new @ linked_list.h:29
	0078D9B8   48 byte new @ linked_list.h:29
	0078D6D8   44 byte new @ Database.cpp:49
	00788070   56 byte new @ Database.cpp:50
	0078CDE8   16 byte new @ Database.cpp:51
	0078DF68   16 byte new @ Database.cpp:65
	00788D30   52 byte new @ Database.cpp:66
	0078B5E8   24 byte new @ linked_list.h:29
	0078FC10   16 byte new @ Database.cpp:65
	00788670   52 byte new @ Database.cpp:66
	0078B408   24 byte new @ linked_list.h:29
	0078DA70   48 byte new @ linked_list.h:29
	0078D060   44 byte new @ Database.cpp:49
	00788DF0   56 byte new @ Database.cpp:50
	0078F328   16 byte new @ Database.cpp:51
	0078FCA8   16 byte new @ Database.cpp:65
	007881F0   52 byte new @ Database.cpp:66
	0078BAE8   24 byte new @ linked_list.h:29
	0078F9B0   16 byte new @ Database.cpp:65
	00788130   52 byte new @ Database.cpp:66
	0078B228   24 byte new @ linked_list.h:29
	0078DB28   48 byte new @ linked_list.h:29
	0078D1D0   44 byte new @ Database.cpp:49
	007884F0   56 byte new @ Database.cpp:50
	0078F1F8   16 byte new @ Database.cpp:51
	0078F6B8   16 byte new @ Database.cpp:65
	00788730   52 byte new @ Database.cpp:66
	0078B048   24 byte new @ linked_list.h:29
	0078D848   48 byte new @ linked_list.h:29
	0078DD50   44 byte new @ Database.cpp:49
	00788F70   56 byte new @ Database.cpp:50
	0078FB78   16 byte new @ Database.cpp:51
	0078F4F0   16 byte new @ Database.cpp:65
	00789270   52 byte new @ Database.cpp:66
	0078ADC8   24 byte new @ linked_list.h:29
	0078D620   48 byte new @ linked_list.h:29
	0078D900   44 byte new @ Database.cpp:49
	007888B0   56 byte new @ Database.cpp:50
	0078FDD8   16 byte new @ Database.cpp:51
	0078F290   16 byte new @ Database.cpp:65
	00788970   52 byte new @ Database.cpp:66
	0078AC88   24 byte new @ linked_list.h:29
	0078DBE0   48 byte new @ linked_list.h:29
	0078DC98   44 byte new @ Database.cpp:49
	007882B0   56 byte new @ Database.cpp:50
	0078F880   16 byte new @ Database.cpp:51
	0078FAE0   16 byte new @ Database.cpp:65
	00788C70   52 byte new @ Database.cpp:66
	0078B2C8   24 byte new @ linked_list.h:29
	0078F3C0   16 byte new @ Database.cpp:65
	00789030   52 byte new @ Database.cpp:66
	0078B368   24 byte new @ linked_list.h:29
	0078DE08   48 byte new @ linked_list.h:29
	0078D118   44 byte new @ Database.cpp:49
	007890F0   56 byte new @ Database.cpp:50
	00790038   16 byte new @ Database.cpp:51
	0078FE70   16 byte new @ Database.cpp:65
	00789330   52 byte new @ Database.cpp:66
	0078B4A8   24 byte new @ linked_list.h:29
	0078D790   48 byte new @ linked_list.h:29
	0078CEF0   44 byte new @ Database.cpp:49
	00787CB0   56 byte new @ Database.cpp:50
	0078FFA0   16 byte new @ Database.cpp:51
	0078FF08   16 byte new @ Database.cpp:65
	00788370   52 byte new @ Database.cpp:66
	0078B548   24 byte new @ linked_list.h:29
	0078CFA8   48 byte new @ linked_list.h:29
	0078D288   44 byte new @ Database.cpp:49
	00787D70   56 byte new @ Database.cpp:50
	0078F588   16 byte new @ Database.cpp:51
	0078F458   16 byte new @ Database.cpp:65
	00787FB0   52 byte new @ Database.cpp:66
	0078B7C8   24 byte new @ linked_list.h:29
	0078FD40   16 byte new @ Database.cpp:65
	00788430   52 byte new @ Database.cpp:66
	0078B0E8   24 byte new @ linked_list.h:29
	007900D0   16 byte new @ Database.cpp:65
	007899F0   52 byte new @ Database.cpp:66
	0078AF08   24 byte new @ linked_list.h:29
	0078D340   48 byte new @ linked_list.h:29
	0078D3F8   44 byte new @ Database.cpp:49
	00789B70   56 byte new @ Database.cpp:50
	0078F620   16 byte new @ Database.cpp:51
	0078F750   16 byte new @ Database.cpp:65
	00789870   52 byte new @ Database.cpp:66
	0078B908   24 byte new @ linked_list.h:29
	0078F7E8   16 byte new @ Database.cpp:65
	007894B0   52 byte new @ Database.cpp:66
	0078B9A8   24 byte new @ linked_list.h:29
	0078F918   16 byte new @ Database.cpp:65
	00789930   52 byte new @ Database.cpp:66
	0078BA48   24 byte new @ linked_list.h:29
	0078D4B0   48 byte new @ linked_list.h:29
	0078D568   44 byte new @ Database.cpp:49
	007897B0   56 byte new @ Database.cpp:50
	0078FA48   16 byte new @ Database.cpp:51
	00793AF8   16 byte new @ Database.cpp:65
	00789AB0   52 byte new @ Database.cpp:66
	0078BB88   24 byte new @ linked_list.h:29
	007940E8   16 byte new @ Database.cpp:65
	00789570   52 byte new @ Database.cpp:66
	0078AD28   24 byte new @ linked_list.h:29
	00794180   16 byte new @ Database.cpp:65
	00789630   52 byte new @ Database.cpp:66
	0078AFA8   24 byte new @ linked_list.h:29
	00793CC0   16 byte new @ Database.cpp:65
	007896F0   52 byte new @ Database.cpp:66
	00794BD8   24 byte new @ linked_list.h:29
	00794478   16 byte new @ Database.cpp:65
	00796F08   52 byte new @ Database.cpp:66
	00794C78   24 byte new @ linked_list.h:29
	00799410   48 byte new @ linked_list.h:29
	0079A100   44 byte new @ Database.cpp:49
	00797BC8   56 byte new @ Database.cpp:50
	00794510   16 byte new @ Database.cpp:51
	00793FB8   16 byte new @ Database.cpp:65
	007978C8   52 byte new @ Database.cpp:66
	007950D8   24 byte new @ linked_list.h:29
	00794050   16 byte new @ Database.cpp:65
	007972C8   52 byte new @ Database.cpp:66
	0079B630   31 byte new @ ?:0
	00794D18   24 byte new @ linked_list.h:29
	00799B40   48 byte new @ linked_list.h:29
	00799ED8   44 byte new @ Database.cpp:49
	00797F88   56 byte new @ Database.cpp:50
	00793A60   16 byte new @ Database.cpp:51
	00793DF0   16 byte new @ Database.cpp:65
	00797988   52 byte new @ Database.cpp:66
	007949F8   24 byte new @ linked_list.h:29
	00793F20   16 byte new @ Database.cpp:65
	00798588   52 byte new @ Database.cpp:66
	00795178   24 byte new @ linked_list.h:29
	00793C28   16 byte new @ Database.cpp:65
	00797C88   52 byte new @ Database.cpp:66
	007948B8   24 byte new @ linked_list.h:29
	007939C8   16 byte new @ Database.cpp:65
	00797808   52 byte new @ Database.cpp:66
	007946D8   24 byte new @ linked_list.h:29
	00799130   48 byte new @ linked_list.h:29
	00799CB0   44 byte new @ Database.cpp:49
	00798048   56 byte new @ Database.cpp:50
	00794218   16 byte new @ Database.cpp:51
	00793E88   16 byte new @ Database.cpp:65
	00797508   52 byte new @ Database.cpp:66
	00794DB8   24 byte new @ linked_list.h:29
	00793D58   16 byte new @ Database.cpp:65
	00797A48   52 byte new @ Database.cpp:66
	00794958   24 byte new @ linked_list.h:29
	007942B0   16 byte new @ Database.cpp:65
	00797448   52 byte new @ Database.cpp:66
	00794A98   24 byte new @ linked_list.h:29
	00799580   48 byte new @ linked_list.h:29
	00798E50   44 byte new @ Database.cpp:49
	00798348   56 byte new @ Database.cpp:50
	00794348   16 byte new @ Database.cpp:51
	007943E0   16 byte new @ Database.cpp:65
	00797EC8   52 byte new @ Database.cpp:66
	00794818   24 byte new @ linked_list.h:29
	00793930   16 byte new @ Database.cpp:65
	00797388   52 byte new @ Database.cpp:66
	007955D8   24 byte new @ linked_list.h:29
	00799D68   48 byte new @ linked_list.h:29
	007994C8   44 byte new @ Database.cpp:49
	00796FC8   56 byte new @ Database.cpp:50
	00793B90   16 byte new @ Database.cpp:51
	00792B88   16 byte new @ Database.cpp:65
	00796E48   52 byte new @ Database.cpp:66
	007958F8   24 byte new @ linked_list.h:29
	00792A58   16 byte new @ Database.cpp:65
	00798408   52 byte new @ Database.cpp:66
	00795218   24 byte new @ linked_list.h:29
	007933D8   16 byte new @ Database.cpp:65
	00797E08   52 byte new @ Database.cpp:66
	00795498   24 byte new @ linked_list.h:29
	00792890   16 byte new @ Database.cpp:65
	007975C8   52 byte new @ Database.cpp:66
	007957B8   24 byte new @ linked_list.h:29
	00792AF0   16 byte new @ Database.cpp:65
	00797B08   52 byte new @ Database.cpp:66
	00795678   24 byte new @ linked_list.h:29
	00799638   48 byte new @ linked_list.h:29
	0079A328   44 byte new @ Database.cpp:49
	00797688   56 byte new @ Database.cpp:50
	00793508   16 byte new @ Database.cpp:51
	007926C8   16 byte new @ Database.cpp:65
	00797748   52 byte new @ Database.cpp:66
	0079D2F0   31 byte new @ ?:0
	00794B38   24 byte new @ linked_list.h:29
	00793178   16 byte new @ Database.cpp:65
	00797D48   52 byte new @ Database.cpp:66
	00794638   24 byte new @ linked_list.h:29
	00792C20   16 byte new @ Database.cpp:65
	00798108   52 byte new @ Database.cpp:66
	007952B8   24 byte new @ linked_list.h:29
	007932A8   16 byte new @ Database.cpp:65
	00797088   52 byte new @ Database.cpp:66
	00794778   24 byte new @ linked_list.h:29
	00799078   48 byte new @ linked_list.h:29
	0079A3E0   44 byte new @ Database.cpp:49
	00797148   56 byte new @ Database.cpp:50
	00792CB8   16 byte new @ Database.cpp:51
	00792DE8   16 byte new @ Database.cpp:65
	007981C8   52 byte new @ Database.cpp:66
	00794E58   24 byte new @ linked_list.h:29
	00793898   16 byte new @ Database.cpp:65
	00798288   52 byte new @ Database.cpp:66
	00794EF8   24 byte new @ linked_list.h:29
	00792630   16 byte new @ Database.cpp:65
	007984C8   52 byte new @ Database.cpp:66
	00795358   24 byte new @ linked_list.h:29
	00793340   16 byte new @ Database.cpp:65
	00797208   52 byte new @ Database.cpp:66
	00795538   24 byte new @ linked_list.h:29
	00798FC0   48 byte new @ linked_list.h:29
	007996F0   44 byte new @ Database.cpp:49
	007987C8   56 byte new @ Datab